<?xml version="1.0" encoding="UTF-8"?>
<!-- Generated by org.testng.reporters.JUnitReportReporter -->
<testsuite hostname="ecommmac1s-MacBook-Pro.local" failures="0" tests="1" name="tests.Login" time="1.601" errors="0" timestamp="2024-09-30T23:59:49 IST" skipped="0">
  <testcase classname="tests.Login" name="TC_100_Login" time="1.601"/>
</testsuite> <!-- tests.Login -->
