<?xml version="1.0" encoding="UTF-8"?>
<!-- Generated by org.testng.reporters.JUnitReportReporter -->
<testsuite hostname="ecommmac1s-MacBook-Pro.local" failures="0" tests="1" name="tests.TC101_RegistrationTest" time="0.251" errors="0" timestamp="2024-10-04T00:26:12 IST" skipped="0">
  <testcase classname="tests.TC101_RegistrationTest" name="TC_101_Registration" time="0.251"/>
</testsuite> <!-- tests.TC101_RegistrationTest -->
