<?xml version="1.0" encoding="UTF-8"?>
<!-- Generated by org.testng.reporters.JUnitReportReporter -->
<testsuite hostname="ecommmac1s-MacBook-Pro.local" failures="0" tests="1" name="tests.Registration" time="7.434" errors="0" timestamp="2024-09-30T22:36:50 IST" skipped="0">
  <testcase classname="tests.Registration" name="TC_101_Registration" time="7.434"/>
</testsuite> <!-- tests.Registration -->
