<?xml version="1.0" encoding="UTF-8"?>
<!-- Generated by org.testng.reporters.JUnitReportReporter -->
<testsuite hostname="ecommmac1s-MacBook-Pro.local" failures="0" tests="1" name="tests.TC101_Registration" time="7.371" errors="0" timestamp="2024-10-01T00:18:42 IST" skipped="0">
  <testcase classname="tests.TC101_Registration" name="TC_101_Registration" time="7.371"/>
</testsuite> <!-- tests.TC101_Registration -->
