<?xml version="1.0" encoding="UTF-8"?>
<!-- Generated by org.testng.reporters.JUnitReportReporter -->
<testsuite hostname="ecommmac1s-MacBook-Pro.local" failures="0" tests="2" name="tests.TC100_LoginTest" time="25.085" errors="0" timestamp="2024-10-05T01:21:10 IST" skipped="0">
  <testcase classname="tests.TC100_LoginTest" name="HomePageVarification" time="17.847"/>
  <testcase classname="tests.TC100_LoginTest" name="TC_100_Login" time="7.238"/>
</testsuite> <!-- tests.TC100_LoginTest -->
